Build started 2018-06-06 13:51:04.
     1>Project "C:\Users\Student\Desktop\nowy\GryKomputerowe_lab5\GryKomputerowe_lab5\GryKomputerowe_lab5.vcxproj" on node 2 (Build target(s)).
     1>ClCompile:
         C:\Program Files (x86)\Microsoft Visual Studio 12.0\VC\bin\CL.exe /c /IC:\Users\Student\Desktop\nowy\GryKomputerowe_lab5\Include /ZI /nologo /W3 /WX- /sdl /Od /Oy- /D WIN32 /D _CRT_SECURE_NO_WARNINGS /D _DEBUG /D _CONSOLE /D _UNICODE /D UNICODE /Gm /EHsc /RTC1 /MDd /GS /fp:precise /Zc:wchar_t /Zc:forScope /Yu"stdafx.h" /Fp"Debug\GryKomputerowe_lab5.pch" /Fo"Debug\\" /Fd"Debug\vc120.pdb" /Gd /TP /analyze- /errorReport:prompt Scene.cpp
         Scene.cpp
     1>c:\users\student\desktop\nowy\grykomputerowe_lab5\grykomputerowe_lab5\scene.cpp(1067): warning C4018: '<' : signed/unsigned mismatch
     1>c:\users\student\desktop\nowy\grykomputerowe_lab5\grykomputerowe_lab5\scene.cpp(1100): warning C4018: '<' : signed/unsigned mismatch
     1>c:\users\student\desktop\nowy\grykomputerowe_lab5\grykomputerowe_lab5\scene.cpp(1102): warning C4018: '<' : signed/unsigned mismatch
       Link:
         C:\Program Files (x86)\Microsoft Visual Studio 12.0\VC\bin\link.exe /ERRORREPORT:PROMPT /OUT:"C:\Users\Student\Desktop\nowy\GryKomputerowe_lab5\Debug\GryKomputerowe_lab5.exe" /INCREMENTAL /NOLOGO /LIBPATH:C:\Users\Student\Desktop\nowy\GryKomputerowe_lab5\Lib freeimage.lib kernel32.lib user32.lib gdi32.lib winspool.lib comdlg32.lib advapi32.lib shell32.lib ole32.lib oleaut32.lib uuid.lib odbc32.lib odbccp32.lib /MANIFEST /MANIFESTUAC:"level='asInvoker' uiAccess='false'" /manifest:embed /DEBUG /PDB:"C:\Users\Student\Desktop\nowy\GryKomputerowe_lab5\Debug\GryKomputerowe_lab5.pdb" /SUBSYSTEM:CONSOLE /TLBID:1 /DYNAMICBASE /NXCOMPAT /IMPLIB:"C:\Users\Student\Desktop\nowy\GryKomputerowe_lab5\Debug\GryKomputerowe_lab5.lib" /MACHINE:X86 Debug\BlackBox.obj
         Debug\Camera.obj
         Debug\cLava.obj
         Debug\Diamond.obj
         Debug\Enemy.obj
         Debug\Friend.obj
         Debug\Heart.obj
         Debug\Key.obj
         Debug\main.obj
         Debug\Model3D.obj
         Debug\NormalBox.obj
         Debug\Platform.obj
         Debug\Player.obj
         Debug\Scene.obj
         Debug\SceneObject.obj
         Debug\Skydome.obj
         Debug\Sphere.obj
         Debug\stdafx.obj
         Debug\Terrain.obj
         Debug\TextureManager.obj
         Debug\vec3.obj
         Debug\Well1.obj
         Debug\Wood.obj
         GryKomputerowe_lab5.vcxproj -> C:\Users\Student\Desktop\nowy\GryKomputerowe_lab5\Debug\GryKomputerowe_lab5.exe
     1>Done Building Project "C:\Users\Student\Desktop\nowy\GryKomputerowe_lab5\GryKomputerowe_lab5\GryKomputerowe_lab5.vcxproj" (Build target(s)).

Build succeeded.

Time Elapsed 00:00:00.43
