c:\users\student\desktop\nowy\grykomputerowe_lab5\grykomputerowe_lab5\debug\grykomputerowe_lab5.pch
c:\users\student\desktop\nowy\grykomputerowe_lab5\grykomputerowe_lab5\debug\vc120.pdb
c:\users\student\desktop\nowy\grykomputerowe_lab5\grykomputerowe_lab5\debug\vc120.idb
c:\users\student\desktop\nowy\grykomputerowe_lab5\grykomputerowe_lab5\debug\stdafx.obj
c:\users\student\desktop\nowy\grykomputerowe_lab5\grykomputerowe_lab5\debug\clava.obj
c:\users\student\desktop\nowy\grykomputerowe_lab5\grykomputerowe_lab5\debug\diamond.obj
c:\users\student\desktop\nowy\grykomputerowe_lab5\grykomputerowe_lab5\debug\enemy.obj
c:\users\student\desktop\nowy\grykomputerowe_lab5\grykomputerowe_lab5\debug\friend.obj
c:\users\student\desktop\nowy\grykomputerowe_lab5\grykomputerowe_lab5\debug\heart.obj
c:\users\student\desktop\nowy\grykomputerowe_lab5\grykomputerowe_lab5\debug\key.obj
c:\users\student\desktop\nowy\grykomputerowe_lab5\grykomputerowe_lab5\debug\main.obj
c:\users\student\desktop\nowy\grykomputerowe_lab5\grykomputerowe_lab5\debug\model3d.obj
c:\users\student\desktop\nowy\grykomputerowe_lab5\grykomputerowe_lab5\debug\normalbox.obj
c:\users\student\desktop\nowy\grykomputerowe_lab5\grykomputerowe_lab5\debug\platform.obj
c:\users\student\desktop\nowy\grykomputerowe_lab5\grykomputerowe_lab5\debug\player.obj
c:\users\student\desktop\nowy\grykomputerowe_lab5\grykomputerowe_lab5\debug\scene.obj
c:\users\student\desktop\nowy\grykomputerowe_lab5\grykomputerowe_lab5\debug\sceneobject.obj
c:\users\student\desktop\nowy\grykomputerowe_lab5\grykomputerowe_lab5\debug\skydome.obj
c:\users\student\desktop\nowy\grykomputerowe_lab5\grykomputerowe_lab5\debug\sphere.obj
c:\users\student\desktop\nowy\grykomputerowe_lab5\grykomputerowe_lab5\debug\terrain.obj
c:\users\student\desktop\nowy\grykomputerowe_lab5\grykomputerowe_lab5\debug\texturemanager.obj
c:\users\student\desktop\nowy\grykomputerowe_lab5\grykomputerowe_lab5\debug\vec3.obj
c:\users\student\desktop\nowy\grykomputerowe_lab5\grykomputerowe_lab5\debug\well1.obj
c:\users\student\desktop\nowy\grykomputerowe_lab5\grykomputerowe_lab5\debug\wood.obj
c:\users\student\desktop\nowy\grykomputerowe_lab5\grykomputerowe_lab5\debug\blackbox.obj
c:\users\student\desktop\nowy\grykomputerowe_lab5\grykomputerowe_lab5\debug\camera.obj
c:\users\student\desktop\nowy\grykomputerowe_lab5\debug\grykomputerowe_lab5.ilk
c:\users\student\desktop\nowy\grykomputerowe_lab5\debug\grykomputerowe_lab5.exe
c:\users\student\desktop\nowy\grykomputerowe_lab5\debug\grykomputerowe_lab5.pdb
c:\users\student\desktop\nowy\grykomputerowe_lab5\grykomputerowe_lab5\debug\vc141.idb
c:\users\student\desktop\nowy\grykomputerowe_lab5\grykomputerowe_lab5\debug\vc141.pdb
c:\users\student\desktop\nowy\grykomputerowe_lab5\grykomputerowe_lab5\debug\grykompu.941768e1.tlog\cl.command.1.tlog
c:\users\student\desktop\nowy\grykomputerowe_lab5\grykomputerowe_lab5\debug\grykompu.941768e1.tlog\cl.read.1.tlog
c:\users\student\desktop\nowy\grykomputerowe_lab5\grykomputerowe_lab5\debug\grykompu.941768e1.tlog\cl.write.1.tlog
c:\users\student\desktop\nowy\grykomputerowe_lab5\grykomputerowe_lab5\debug\grykompu.941768e1.tlog\link.command.1.tlog
c:\users\student\desktop\nowy\grykomputerowe_lab5\grykomputerowe_lab5\debug\grykompu.941768e1.tlog\link.read.1.tlog
c:\users\student\desktop\nowy\grykomputerowe_lab5\grykomputerowe_lab5\debug\grykompu.941768e1.tlog\link.write.1.tlog
