C:\Program Files (x86)\MSBuild\Microsoft.Cpp\v4.0\V140\Microsoft.CppBuild.targets(392,5): warning MSB8028: The intermediate directory (Release\) contains files shared from another project (GryKomputerowe_lab5.vcxproj).  This can lead to incorrect clean and rebuild behavior.
  stdafx.cpp
  BlackBox.cpp
BlackBox.cpp(49): warning C4244: 'initializing': conversion from 'double' to 'float', possible loss of data
BlackBox.cpp(303): warning C4244: '=': conversion from 'double' to 'float', possible loss of data
BlackBox.cpp(304): warning C4244: '=': conversion from 'double' to 'float', possible loss of data
BlackBox.cpp(326): warning C4305: '=': truncation from 'double' to 'float'
  Camera.cpp
Camera.cpp(58): warning C4244: '=': conversion from 'double' to 'float', possible loss of data
Camera.cpp(68): warning C4244: '=': conversion from 'double' to 'float', possible loss of data
Camera.cpp(69): warning C4244: '=': conversion from 'double' to 'float', possible loss of data
Camera.cpp(70): warning C4244: '=': conversion from 'double' to 'float', possible loss of data
Camera.cpp(133): warning C4244: '=': conversion from 'double' to 'float', possible loss of data
Camera.cpp(101): warning C4101: 'closest_wall': unreferenced local variable
  cLava.cpp
cLava.cpp(90): warning C4305: 'argument': truncation from 'double' to 'float'
cLava.cpp(97): warning C4305: 'argument': truncation from 'double' to 'float'
cLava.cpp(110): warning C4244: '=': conversion from 'double' to 'float', possible loss of data
cLava.cpp(111): warning C4244: '=': conversion from 'double' to 'float', possible loss of data
cLava.cpp(116): warning C4244: '=': conversion from 'double' to 'float', possible loss of data
cLava.cpp(117): warning C4244: '=': conversion from 'double' to 'float', possible loss of data
cLava.cpp(122): warning C4305: '+=': truncation from 'double' to 'float'
  Diamond.cpp
Diamond.cpp(13): warning C4305: '=': truncation from 'double' to 'float'
Diamond.cpp(82): warning C4018: '<': signed/unsigned mismatch
Diamond.cpp(149): warning C4018: '<': signed/unsigned mismatch
  Enemy.cpp
Enemy.cpp(100): warning C4018: '<': signed/unsigned mismatch
Enemy.cpp(137): warning C4018: '<': signed/unsigned mismatch
Enemy.cpp(228): warning C4305: '=': truncation from 'double' to 'float'
Enemy.cpp(247): warning C4244: '+=': conversion from 'double' to 'float', possible loss of data
Enemy.cpp(249): warning C4244: '+=': conversion from 'double' to 'float', possible loss of data
Enemy.cpp(366): warning C4244: '+=': conversion from 'double' to 'float', possible loss of data
Enemy.cpp(368): warning C4244: '+=': conversion from 'double' to 'float', possible loss of data
Enemy.cpp(372): warning C4305: '=': truncation from 'double' to 'float'
Enemy.cpp(490): warning C4244: '+=': conversion from 'double' to 'float', possible loss of data
Enemy.cpp(491): warning C4305: '=': truncation from 'double' to 'float'
Enemy.cpp(492): warning C4244: '+=': conversion from 'double' to 'float', possible loss of data
  Friend.cpp
Friend.cpp(83): warning C4018: '<': signed/unsigned mismatch
Friend.cpp(128): warning C4838: conversion from 'double' to 'float' requires a narrowing conversion
Friend.cpp(128): warning C4305: 'initializing': truncation from 'double' to 'float'
Friend.cpp(144): warning C4018: '<': signed/unsigned mismatch
  Heart.cpp
Heart.cpp(13): warning C4305: '=': truncation from 'double' to 'float'
Heart.cpp(81): warning C4018: '<': signed/unsigned mismatch
Heart.cpp(148): warning C4018: '<': signed/unsigned mismatch
  Key.cpp
Key.cpp(13): warning C4305: '=': truncation from 'double' to 'float'
Key.cpp(81): warning C4018: '<': signed/unsigned mismatch
Key.cpp(180): warning C4018: '<': signed/unsigned mismatch
  main.cpp
main.cpp(265): warning C4305: 'argument': truncation from 'double' to 'float'
main.cpp(269): warning C4305: 'argument': truncation from 'double' to 'float'
main.cpp(273): warning C4305: 'argument': truncation from 'double' to 'float'
main.cpp(280): warning C4305: 'argument': truncation from 'double' to 'float'
main.cpp(442): warning C4244: '=': conversion from 'int' to 'float', possible loss of data
main.cpp(443): warning C4244: '=': conversion from 'int' to 'float', possible loss of data
main.cpp(627): warning C4244: '+=': conversion from 'double' to 'float', possible loss of data
main.cpp(633): warning C4244: '-=': conversion from 'double' to 'float', possible loss of data
main.cpp(660): warning C4305: '+=': truncation from 'double' to 'float'
main.cpp(664): warning C4305: '-=': truncation from 'double' to 'float'
main.cpp(679): warning C4244: 'initializing': conversion from 'int' to 'float', possible loss of data
main.cpp(793): warning C4305: '=': truncation from 'double' to 'float'
main.cpp(1007): warning C4305: 'argument': truncation from 'double' to 'float'
main.cpp(1011): warning C4305: 'argument': truncation from 'double' to 'float'
main.cpp(1015): warning C4305: 'argument': truncation from 'double' to 'float'
main.cpp(1019): warning C4305: 'argument': truncation from 'double' to 'float'
main.cpp(1027): warning C4305: 'argument': truncation from 'double' to 'float'
main.cpp(1030): warning C4305: 'argument': truncation from 'double' to 'float'
main.cpp(1035): warning C4305: 'argument': truncation from 'double' to 'float'
main.cpp(1039): warning C4305: 'argument': truncation from 'double' to 'float'
main.cpp(1057): warning C4305: 'argument': truncation from 'double' to 'float'
main.cpp(1070): warning C4305: 'argument': truncation from 'double' to 'float'
main.cpp(1074): warning C4305: 'argument': truncation from 'double' to 'float'
main.cpp(1078): warning C4305: 'argument': truncation from 'double' to 'float'
main.cpp(1082): warning C4305: 'argument': truncation from 'double' to 'float'
main.cpp(1086): warning C4305: 'argument': truncation from 'double' to 'float'
main.cpp(1090): warning C4305: 'argument': truncation from 'double' to 'float'
main.cpp(1094): warning C4305: 'argument': truncation from 'double' to 'float'
main.cpp(1098): warning C4305: 'argument': truncation from 'double' to 'float'
main.cpp(1102): warning C4305: 'argument': truncation from 'double' to 'float'
main.cpp(1106): warning C4305: 'argument': truncation from 'double' to 'float'
main.cpp(1110): warning C4305: 'argument': truncation from 'double' to 'float'
main.cpp(1115): warning C4305: 'argument': truncation from 'double' to 'float'
main.cpp(1120): warning C4305: 'argument': truncation from 'double' to 'float'
main.cpp(1125): warning C4305: 'argument': truncation from 'double' to 'float'
main.cpp(1130): warning C4305: 'argument': truncation from 'double' to 'float'
main.cpp(1134): warning C4305: 'argument': truncation from 'double' to 'float'
main.cpp(1151): warning C4305: 'argument': truncation from 'double' to 'float'
main.cpp(1240): warning C4305: 'argument': truncation from 'double' to 'float'
main.cpp(1244): warning C4305: 'argument': truncation from 'double' to 'float'
main.cpp(1280): warning C4305: 'argument': truncation from 'double' to 'float'
main.cpp(1410): warning C4305: 'argument': truncation from 'double' to 'float'
main.cpp(1414): warning C4305: 'argument': truncation from 'double' to 'float'
main.cpp(1418): warning C4305: 'argument': truncation from 'double' to 'float'
main.cpp(1422): warning C4305: 'argument': truncation from 'double' to 'float'
main.cpp(1426): warning C4305: 'argument': truncation from 'double' to 'float'
main.cpp(1430): warning C4305: 'argument': truncation from 'double' to 'float'
main.cpp(1434): warning C4305: 'argument': truncation from 'double' to 'float'
main.cpp(1438): warning C4305: 'argument': truncation from 'double' to 'float'
main.cpp(1442): warning C4305: 'argument': truncation from 'double' to 'float'
main.cpp(1446): warning C4305: 'argument': truncation from 'double' to 'float'
main.cpp(1450): warning C4305: 'argument': truncation from 'double' to 'float'
main.cpp(1488): warning C4305: 'argument': truncation from 'double' to 'float'
main.cpp(1496): warning C4305: 'argument': truncation from 'double' to 'float'
main.cpp(1500): warning C4305: 'argument': truncation from 'double' to 'float'
main.cpp(1504): warning C4305: 'argument': truncation from 'double' to 'float'
main.cpp(1508): warning C4305: 'argument': truncation from 'double' to 'float'
main.cpp(1612): warning C4305: 'argument': truncation from 'double' to 'GLfloat'
main.cpp(1633): warning C4305: 'argument': truncation from 'double' to 'GLfloat'
main.cpp(1679): warning C4305: 'argument': truncation from 'double' to 'GLfloat'
main.cpp(1699): warning C4305: 'argument': truncation from 'double' to 'GLfloat'
  Model3D.cpp
Model3D.cpp(77): warning C4018: '<': signed/unsigned mismatch
Model3D.cpp(167): warning C4018: '<': signed/unsigned mismatch
  NormalBox.cpp
NormalBox.cpp(13): warning C4305: '=': truncation from 'double' to 'float'
NormalBox.cpp(92): warning C4018: '<': signed/unsigned mismatch
NormalBox.cpp(159): warning C4018: '<': signed/unsigned mismatch
NormalBox.cpp(236): warning C4305: '=': truncation from 'double' to 'float'
NormalBox.cpp(259): warning C4244: '=': conversion from 'double' to 'float', possible loss of data
NormalBox.cpp(260): warning C4244: '=': conversion from 'double' to 'float', possible loss of data
NormalBox.cpp(276): warning C4305: '=': truncation from 'double' to 'float'
  Platform.cpp
Platform.cpp(13): warning C4305: '=': truncation from 'double' to 'float'
Platform.cpp(93): warning C4018: '<': signed/unsigned mismatch
Platform.cpp(202): warning C4018: '<': signed/unsigned mismatch
Platform.cpp(239): warning C4305: '+=': truncation from 'double' to 'float'
Platform.cpp(243): warning C4244: '+=': conversion from 'double' to 'float', possible loss of data
Platform.cpp(244): warning C4244: '-=': conversion from 'double' to 'float', possible loss of data
Platform.cpp(273): warning C4244: '=': conversion from 'double' to 'float', possible loss of data
Platform.cpp(291): warning C4244: '=': conversion from 'double' to 'float', possible loss of data
Platform.cpp(324): warning C4305: '=': truncation from 'double' to 'float'
Platform.cpp(326): warning C4305: '=': truncation from 'double' to 'float'
Platform.cpp(345): warning C4244: '+=': conversion from 'double' to 'float', possible loss of data
Platform.cpp(346): warning C4244: '-=': conversion from 'double' to 'float', possible loss of data
Platform.cpp(368): warning C4305: '=': truncation from 'double' to 'float'
Platform.cpp(421): warning C4553: '==': operator has no effect; did you intend '='?
Platform.cpp(432): warning C4305: '=': truncation from 'double' to 'float'
  Player.cpp
Player.cpp(31): warning C4244: '=': conversion from 'float' to 'int', possible loss of data
Player.cpp(208): warning C4018: '<': signed/unsigned mismatch
Player.cpp(314): warning C4018: '<': signed/unsigned mismatch
Player.cpp(412): warning C4244: '=': conversion from 'double' to 'float', possible loss of data
Player.cpp(486): warning C4305: '=': truncation from 'double' to 'float'
Player.cpp(490): warning C4305: '/=': truncation from 'double' to 'float'
Player.cpp(491): warning C4305: '/=': truncation from 'double' to 'float'
  Scene.cpp
Scene.cpp(1210): warning C4244: 'argument': conversion from 'int' to 'GLfloat', possible loss of data
Scene.cpp(1212): warning C4244: 'argument': conversion from 'int' to 'GLfloat', possible loss of data
Scene.cpp(1215): warning C4244: 'argument': conversion from 'int' to 'GLfloat', possible loss of data
Scene.cpp(1217): warning C4244: 'argument': conversion from 'int' to 'GLfloat', possible loss of data
Scene.cpp(1276): warning C4244: 'argument': conversion from 'int' to 'GLfloat', possible loss of data
Scene.cpp(1278): warning C4244: 'argument': conversion from 'int' to 'GLfloat', possible loss of data
Scene.cpp(1281): warning C4244: 'argument': conversion from 'int' to 'GLfloat', possible loss of data
Scene.cpp(1283): warning C4244: 'argument': conversion from 'int' to 'GLfloat', possible loss of data
Scene.cpp(1339): warning C4018: '<': signed/unsigned mismatch
Scene.cpp(1372): warning C4018: '<': signed/unsigned mismatch
Scene.cpp(1374): warning C4018: '<': signed/unsigned mismatch
  SceneObject.cpp
  Skydome.cpp
Skydome.cpp(42): warning C4244: 'initializing': conversion from 'double' to 'float', possible loss of data
Skydome.cpp(43): warning C4244: 'initializing': conversion from 'double' to 'float', possible loss of data
Skydome.cpp(44): warning C4244: 'initializing': conversion from 'double' to 'float', possible loss of data
  Sphere.cpp
Sphere.cpp(39): warning C4305: '/=': truncation from 'double' to 'float'
Sphere.cpp(40): warning C4305: '/=': truncation from 'double' to 'float'
Sphere.cpp(41): warning C4305: '/=': truncation from 'double' to 'float'
  Terrain.cpp
Terrain.cpp(85): warning C4018: '<': signed/unsigned mismatch
Terrain.cpp(186): warning C4244: 'argument': conversion from 'double' to 'GLfloat', possible loss of data
Terrain.cpp(214): warning C4305: 'argument': truncation from 'double' to 'GLfloat'
Terrain.cpp(221): warning C4018: '<': signed/unsigned mismatch
Terrain.cpp(324): warning C4244: '=': conversion from 'double' to 'float', possible loss of data
Terrain.cpp(325): warning C4244: '=': conversion from 'double' to 'float', possible loss of data
Terrain.cpp(345): warning C4305: '+=': truncation from 'double' to 'float'
Terrain.cpp(352): warning C4305: '-=': truncation from 'double' to 'float'
Terrain.cpp(381): warning C4244: '=': conversion from 'double' to 'float', possible loss of data
Terrain.cpp(382): warning C4244: '=': conversion from 'double' to 'float', possible loss of data
Terrain.cpp(390): warning C4305: '+=': truncation from 'double' to 'float'
Terrain.cpp(392): warning C4305: '-=': truncation from 'double' to 'float'
Terrain.cpp(412): warning C4244: '=': conversion from 'double' to 'float', possible loss of data
Terrain.cpp(413): warning C4244: '=': conversion from 'double' to 'float', possible loss of data
Terrain.cpp(438): warning C4244: '=': conversion from 'double' to 'float', possible loss of data
Terrain.cpp(439): warning C4244: '=': conversion from 'double' to 'float', possible loss of data
Terrain.cpp(468): warning C4244: '=': conversion from 'double' to 'float', possible loss of data
Terrain.cpp(492): warning C4244: '=': conversion from 'double' to 'float', possible loss of data
Terrain.cpp(493): warning C4244: '=': conversion from 'double' to 'float', possible loss of data
Terrain.cpp(522): warning C4244: '=': conversion from 'double' to 'float', possible loss of data
Terrain.cpp(523): warning C4244: '=': conversion from 'double' to 'float', possible loss of data
Terrain.cpp(569): warning C4244: '=': conversion from 'double' to 'float', possible loss of data
Terrain.cpp(570): warning C4244: '=': conversion from 'double' to 'float', possible loss of data
Terrain.cpp(592): warning C4305: '=': truncation from 'double' to 'float'
Terrain.cpp(613): warning C4244: '=': conversion from 'double' to 'float', possible loss of data
Terrain.cpp(614): warning C4244: '=': conversion from 'double' to 'float', possible loss of data
Terrain.cpp(666): warning C4244: '=': conversion from 'double' to 'float', possible loss of data
Terrain.cpp(667): warning C4244: '=': conversion from 'double' to 'float', possible loss of data
Terrain.cpp(694): warning C4244: '=': conversion from 'double' to 'float', possible loss of data
Terrain.cpp(708): warning C4244: '=': conversion from 'double' to 'float', possible loss of data
  TextureManager.cpp
  vec3.cpp
  Compiling...
  Well1.cpp
Well1.cpp(13): warning C4305: '=': truncation from 'double' to 'float'
Well1.cpp(79): warning C4018: '<': signed/unsigned mismatch
Well1.cpp(174): warning C4018: '<': signed/unsigned mismatch
Well1.cpp(257): warning C4305: '=': truncation from 'double' to 'float'
  Wood.cpp
Wood.cpp(13): warning C4305: '=': truncation from 'double' to 'float'
Wood.cpp(79): warning C4018: '<': signed/unsigned mismatch
Wood.cpp(173): warning C4018: '<': signed/unsigned mismatch
Wood.cpp(244): warning C4305: '=': truncation from 'double' to 'float'
  Generating code
  All 730 functions were compiled because no usable IPDB/IOBJ from previous compilation was found.
  Finished generating code
  GryKomputerowe_lab5.vcxproj -> C:\Users\Student\Desktop\Croc_FINAL_proj\GK_MOJPROJEKT\Release\Croc_project.exe
  GryKomputerowe_lab5.vcxproj -> C:\Users\Student\Desktop\Croc_FINAL_proj\GK_MOJPROJEKT\Release\Croc_project.pdb (Full PDB)
